<?xml version="1.0" encoding="UTF-8"?>
<!-- Generated by org.testng.reporters.JUnitReportReporter -->
<testsuite hostname="DESKTOP-NO67EK8" failures="0" tests="1" name="AutomationProjects.ECommerseAutomationFramework.tests.ErrorValidations" time="7.297" errors="0" timestamp="2024-02-29T13:01:35 EST" skipped="0">
  <testcase classname="AutomationProjects.ECommerseAutomationFramework.tests.ErrorValidations" name="validateInvalidLoginErrMsg" time="7.297"/>
</testsuite> <!-- AutomationProjects.ECommerseAutomationFramework.tests.ErrorValidations -->
