<?xml version="1.0" encoding="UTF-8"?>
<!-- Generated by org.testng.reporters.JUnitReportReporter -->
<testsuite hostname="DESKTOP-NO67EK8" failures="0" tests="3" name="AutomationProjects.ECommerseAutomationFramework.tests.SubmitOrderTest" time="44.735" errors="0" timestamp="2024-03-12T11:57:42 EDT" skipped="0">
  <testcase classname="AutomationProjects.ECommerseAutomationFramework.tests.SubmitOrderTest" name="SubmitOrdet" time="18.552"/>
  <testcase classname="AutomationProjects.ECommerseAutomationFramework.tests.SubmitOrderTest" name="SubmitOrdet" time="19.325"/>
  <testcase classname="AutomationProjects.ECommerseAutomationFramework.tests.SubmitOrderTest" name="chkItemOrderedIsPresentInOrderHistory" time="6.858"/>
</testsuite> <!-- AutomationProjects.ECommerseAutomationFramework.tests.SubmitOrderTest -->
