<?xml version="1.0" encoding="UTF-8"?>
<!-- Generated by org.testng.reporters.JUnitReportReporter -->
<testsuite hostname="DESKTOP-NO67EK8" failures="0" tests="1" name="Cucumber.TestNGTestRunner" time="18.206" errors="0" timestamp="2024-03-15T14:43:28 EDT" skipped="0">
  <testcase classname="Cucumber.TestNGTestRunner" name="runScenario" time="18.206"/>
</testsuite> <!-- Cucumber.TestNGTestRunner -->
